Moviepy - Building video video/temp/temp_0.mp4.
Moviepy - Writing video video/temp/temp_0.mp4

Moviepy - Done !
Moviepy - video ready video/temp/temp_0.mp4
Moviepy - Building video video/temp/temp_1.mp4.
Moviepy - Writing video video/temp/temp_1.mp4

Moviepy - Done !
Moviepy - video ready video/temp/temp_1.mp4
Moviepy - Building video video/temp/temp_2.mp4.
Moviepy - Writing video video/temp/temp_2.mp4

Moviepy - Done !
Moviepy - video ready video/temp/temp_2.mp4
Moviepy - Building video video/temp/temp_3.mp4.
Moviepy - Writing video video/temp/temp_3.mp4

Moviepy - Done !
Moviepy - video ready video/temp/temp_3.mp4
Moviepy - Building video video/temp/temp_4.mp4.
Moviepy - Writing video video/temp/temp_4.mp4

Moviepy - Done !
Moviepy - video ready video/temp/temp_4.mp4

5 new videos generated
426 frames extracted from video/temp/temp_2.mp4 and shuffled in 0.12s
538 frames extracted from video/temp/temp_0.mp4 and shuffled in 0.16s
648 frames extracted from video/temp/temp_3.mp4 and shuffled in 0.19s
759 frames extracted from video/temp/temp_4.mp4 and shuffled in 0.2s
867 frames extracted from video/temp/temp_1.mp4 and shuffled in 0.24s
3238 new images extracted from the videos in 320.5s
(538, 867, 426, 648, 759)
