Moviepy - Building video video/temp/temp_0.mp4.
Moviepy - Writing video video/temp/temp_0.mp4

Moviepy - Done !
Moviepy - video ready video/temp/temp_0.mp4
Moviepy - Building video video/temp/temp_1.mp4.
Moviepy - Writing video video/temp/temp_1.mp4

Moviepy - Done !
Moviepy - video ready video/temp/temp_1.mp4
Moviepy - Building video video/temp/temp_2.mp4.
Moviepy - Writing video video/temp/temp_2.mp4

Moviepy - Done !
Moviepy - video ready video/temp/temp_2.mp4
Moviepy - Building video video/temp/temp_3.mp4.
Moviepy - Writing video video/temp/temp_3.mp4

Moviepy - Done !
Moviepy - video ready video/temp/temp_3.mp4
Moviepy - Building video video/temp/temp_4.mp4.
Moviepy - Writing video video/temp/temp_4.mp4

Moviepy - Done !
Moviepy - video ready video/temp/temp_4.mp4
Moviepy - Building video video/temp/temp_5.mp4.
Moviepy - Writing video video/temp/temp_5.mp4

Moviepy - Done !
Moviepy - video ready video/temp/temp_5.mp4

6 new videos generated
2536 new images extracted from the videos in 23.83s
(363, 292, 416, 354, 436, 675)
From the 2536 new images, 170 added to the list in 2.35s
Total images: 170
Temp videos deleted
Moviepy - Building video video/temp/temp_0.mp4.
Moviepy - Writing video video/temp/temp_0.mp4

Moviepy - Done !
Moviepy - video ready video/temp/temp_0.mp4
Moviepy - Building video video/temp/temp_1.mp4.
Moviepy - Writing video video/temp/temp_1.mp4

Moviepy - Done !
Moviepy - video ready video/temp/temp_1.mp4
Moviepy - Building video video/temp/temp_2.mp4.
Moviepy - Writing video video/temp/temp_2.mp4

Moviepy - Done !
Moviepy - video ready video/temp/temp_2.mp4
Moviepy - Building video video/temp/temp_3.mp4.
Moviepy - Writing video video/temp/temp_3.mp4

Moviepy - Done !
Moviepy - video ready video/temp/temp_3.mp4
Moviepy - Building video video/temp/temp_4.mp4.
Moviepy - Writing video video/temp/temp_4.mp4

Moviepy - Done !
Moviepy - video ready video/temp/temp_4.mp4
Moviepy - Building video video/temp/temp_5.mp4.
Moviepy - Writing video video/temp/temp_5.mp4

Moviepy - Done !
Moviepy - video ready video/temp/temp_5.mp4

6 new videos generated
3185 new images extracted from the videos in 42.19s
(560, 404, 528, 365, 778, 550)
From the 3185 new images, 293 added to the list in 33.17s
Total images: 463
Temp videos deleted
Moviepy - Building video video/temp/temp_0.mp4.
Moviepy - Writing video video/temp/temp_0.mp4

Moviepy - Done !
Moviepy - video ready video/temp/temp_0.mp4
Moviepy - Building video video/temp/temp_1.mp4.
Moviepy - Writing video video/temp/temp_1.mp4

Moviepy - Done !
Moviepy - video ready video/temp/temp_1.mp4
Moviepy - Building video video/temp/temp_2.mp4.
Moviepy - Writing video video/temp/temp_2.mp4

Moviepy - Done !
Moviepy - video ready video/temp/temp_2.mp4
Moviepy - Building video video/temp/temp_3.mp4.
Moviepy - Writing video video/temp/temp_3.mp4

Moviepy - Done !
Moviepy - video ready video/temp/temp_3.mp4
Moviepy - Building video video/temp/temp_4.mp4.
Moviepy - Writing video video/temp/temp_4.mp4

Moviepy - Done !
Moviepy - video ready video/temp/temp_4.mp4
Moviepy - Building video video/temp/temp_5.mp4.
Moviepy - Writing video video/temp/temp_5.mp4

Moviepy - Done !
Moviepy - video ready video/temp/temp_5.mp4

6 new videos generated
3486 new images extracted from the videos in 68.83s
(774, 326, 660, 466, 526, 734)
From the 3486 new images, 308 added to the list in 56.0s
Total images: 771
Temp videos deleted
Moviepy - Building video video/temp/temp_0.mp4.
Moviepy - Writing video video/temp/temp_0.mp4

Moviepy - Done !
Moviepy - video ready video/temp/temp_0.mp4
Moviepy - Building video video/temp/temp_1.mp4.
Moviepy - Writing video video/temp/temp_1.mp4

Moviepy - Done !
Moviepy - video ready video/temp/temp_1.mp4
Moviepy - Building video video/temp/temp_2.mp4.
Moviepy - Writing video video/temp/temp_2.mp4

Moviepy - Done !
Moviepy - video ready video/temp/temp_2.mp4
Moviepy - Building video video/temp/temp_3.mp4.
Moviepy - Writing video video/temp/temp_3.mp4

Moviepy - Done !
Moviepy - video ready video/temp/temp_3.mp4
Moviepy - Building video video/temp/temp_4.mp4.
Moviepy - Writing video video/temp/temp_4.mp4

Moviepy - Done !
Moviepy - video ready video/temp/temp_4.mp4
Moviepy - Building video video/temp/temp_5.mp4.
Moviepy - Writing video video/temp/temp_5.mp4

Moviepy - Done !
Moviepy - video ready video/temp/temp_5.mp4

6 new videos generated
3628 new images extracted from the videos in 78.34s
(524, 399, 650, 899, 486, 670)
From the 3628 new images, 363 added to the list in 92.31s
Total images: 1134
Stop condition encountered: 4 repetitions
Temp videos deleted
End of the generation. 1134 generated
1134 images saved in dataset_initial/temp
