Moviepy - Building video video/temp/temp_0.mp4.
Moviepy - Writing video video/temp/temp_0.mp4

Moviepy - Done !
Moviepy - video ready video/temp/temp_0.mp4
Moviepy - Building video video/temp/temp_1.mp4.
Moviepy - Writing video video/temp/temp_1.mp4

Moviepy - Done !
Moviepy - video ready video/temp/temp_1.mp4
Moviepy - Building video video/temp/temp_2.mp4.
Moviepy - Writing video video/temp/temp_2.mp4

Moviepy - Done !
Moviepy - video ready video/temp/temp_2.mp4
Moviepy - Building video video/temp/temp_3.mp4.
Moviepy - Writing video video/temp/temp_3.mp4

Moviepy - Done !
Moviepy - video ready video/temp/temp_3.mp4
Moviepy - Building video video/temp/temp_4.mp4.
Moviepy - Writing video video/temp/temp_4.mp4

Moviepy - Done !
Moviepy - video ready video/temp/temp_4.mp4

5 new videos generated
414 frames extracted from video/temp/temp_1.mp4 and shuffled in 0.13s
410 frames extracted from video/temp/temp_2.mp4 and shuffled in 0.13s
396 frames extracted from video/temp/temp_3.mp4 and shuffled in 0.15s
478 frames extracted from video/temp/temp_4.mp4 and shuffled in 0.15s
498 frames extracted from video/temp/temp_0.mp4 and shuffled in 0.16s
