Moviepy - Building video video/temp/temp_0.mp4.
Moviepy - Writing video video/temp/temp_0.mp4

Moviepy - Done !
Moviepy - video ready video/temp/temp_0.mp4
Moviepy - Building video video/temp/temp_1.mp4.
Moviepy - Writing video video/temp/temp_1.mp4

Moviepy - Done !
Moviepy - video ready video/temp/temp_1.mp4
Moviepy - Building video video/temp/temp_2.mp4.
Moviepy - Writing video video/temp/temp_2.mp4

Moviepy - Done !
Moviepy - video ready video/temp/temp_2.mp4
Moviepy - Building video video/temp/temp_3.mp4.
Moviepy - Writing video video/temp/temp_3.mp4

Moviepy - Done !
Moviepy - video ready video/temp/temp_3.mp4
Moviepy - Building video video/temp/temp_4.mp4.
Moviepy - Writing video video/temp/temp_4.mp4

Moviepy - Done !
Moviepy - video ready video/temp/temp_4.mp4
Moviepy - Building video video/temp/temp_5.mp4.
Moviepy - Writing video video/temp/temp_5.mp4

Moviepy - Done !
Moviepy - video ready video/temp/temp_5.mp4

6 videos generated
